<?xml version="1.0" encoding="utf-8"?><testsuites name="pytest tests"><testsuite name="pytest" errors="0" failures="0" skipped="0" tests="10" time="1.746" timestamp="2026-08-23T16:58:13.441192+00:00" hostname="agent-env-1f3bbffa-3929-475c-9053-0b6df7ab785d"><testcase classname="tests.test_team_endpoints.TestListUsers" name="test_admin_lists_users_200" time="0.247" /><testcase classname="tests.test_team_endpoints.TestUpdateRole" name="test_admin_updates_role_200_and_persists" time="0.653" /><testcase classname="tests.test_team_endpoints.TestListUsers" name="test_editor_forbidden_403" time="0.102" /><testcase classname="tests.test_team_endpoints.TestListUsers" name="test_viewer_forbidden_403" time="0.122" /><testcase classname="tests.test_team_endpoints.TestListUsers" name="test_unauth_401" time="0.118" /><testcase classname="tests.test_team_endpoints.TestUpdateRole" name="test_invalid_role_400" time="0.135" /><testcase classname="tests.test_team_endpoints.TestUpdateRole" name="test_editor_forbidden_403" time="0.129" /><testcase classname="tests.test_team_endpoints.TestUpdateRole" name="test_viewer_forbidden_403" time="0.124" /><testcase classname="tests.test_team_endpoints.TestUpdateRole" name="test_unauth_401" time="0.232" /><testcase classname="tests.test_team_endpoints.TestUpdateRole" name="test_unknown_user_404" time="0.135" /></testsuite></testsuites>