<?xml version="1.0" encoding="utf-8"?><testsuites name="pytest tests"><testsuite name="pytest" errors="0" failures="0" skipped="0" tests="39" time="2.799" timestamp="2026-08-23T10:38:14.768398+00:00" hostname="agent-env-1f3bbffa-3929-475c-9053-0b6df7ab785d"><testcase classname="tests.backend_test.TestUnauth401" name="test_list_patients_no_auth" time="0.199" /><testcase classname="tests.backend_test.TestFilesSecurity" name="test_editor1_upload_namespaced" time="0.745" /><testcase classname="tests.backend_test.TestUnauth401" name="test_list_patients_bad_token" time="0.051" /><testcase classname="tests.backend_test.TestUnauth401" name="test_post_patients_no_auth" time="0.051" /><testcase classname="tests.backend_test.TestUnauth401" name="test_delete_patient_no_auth" time="0.052" /><testcase classname="tests.backend_test.TestUnauth401" name="test_upload_no_auth" time="0.047" /><testcase classname="tests.backend_test.TestUnauth401" name="test_files_no_auth" time="0.049" /><testcase classname="tests.backend_test.TestUnauth401" name="test_transcribe_no_auth" time="0.044" /><testcase classname="tests.backend_test.TestUnauth401" name="test_ai_draft_no_auth" time="0.045" /><testcase classname="tests.backend_test.TestUnauth401" name="test_auth_me_no_auth" time="0.050" /><testcase classname="tests.backend_test.TestPatientsRBAC" name="test_admin_can_list" time="0.059" /><testcase classname="tests.backend_test.TestPatientsRBAC" name="test_admin_create_sets_owner" time="0.044" /><testcase classname="tests.backend_test.TestPatientsRBAC" name="test_editor_creates_and_owns" time="0.089" /><testcase classname="tests.backend_test.TestFilesSecurity" name="test_editor1_can_fetch_own" time="0.197" /><testcase classname="tests.backend_test.TestPatientsRBAC" name="test_editor_isolation" time="0.045" /><testcase classname="tests.backend_test.TestPatientsRBAC" name="test_editor_cannot_access_admin_patient_by_id" time="0.046" /><testcase classname="tests.backend_test.TestPatientsRBAC" name="test_viewer_cannot_create" time="0.045" /><testcase classname="tests.backend_test.TestPatientsRBAC" name="test_viewer_cannot_delete" time="0.046" /><testcase classname="tests.backend_test.TestFilesSecurity" name="test_editor2_cannot_fetch_others_file" time="0.047" /><testcase classname="tests.backend_test.TestPatientsRBAC" name="test_admin_sees_everyones" time="0.233" /><testcase classname="tests.backend_test.TestFilesSecurity" name="test_admin_can_fetch_any" time="0.278" /><testcase classname="tests.backend_test.TestUserAdmin" name="test_non_admin_cannot_list_users" time="0.046" /><testcase classname="tests.backend_test.TestUserAdmin" name="test_admin_lists_users" time="0.085" /><testcase classname="tests.backend_test.TestFilesSecurity" name="test_path_traversal_rejected" time="0.045" /><testcase classname="tests.backend_test.TestFilesSecurity" name="test_outside_app_prefix_rejected" time="0.045" /><testcase classname="tests.backend_test.TestUserAdmin" name="test_non_admin_cannot_patch_role" time="0.086" /><testcase classname="tests.backend_test.TestFilesSecurity" name="test_admin_orthovault_non_upload_prefix_rejected" time="0.046" /><testcase classname="tests.backend_test.TestFilesSecurity" name="test_admin_orthovault_bare_rejected" time="0.059" /><testcase classname="tests.backend_test.TestUserAdmin" name="test_admin_can_patch_role" time="0.155" /><testcase classname="tests.backend_test.TestFilesSecurity" name="test_admin_can_still_read_any_users_file_under_prefix" time="0.212" /><testcase classname="tests.backend_test.TestUserAdmin" name="test_invalid_role_rejected" time="0.044" /><testcase classname="tests.backend_test.TestPublicRoot" name="test_root_no_auth" time="0.042" /><testcase classname="tests.backend_test.TestSessionExchange" name="test_bogus_session_id" time="0.132" /><testcase classname="tests.backend_test.TestFilesSecurity" name="test_admin_valid_prefix_missing_object_not_400_or_403" time="0.595" /><testcase classname="tests.backend_test.TestAuthMe" name="test_admin_me" time="0.043" /><testcase classname="tests.backend_test.TestFilesSecurity" name="test_percent_encoded_traversal_rejected" time="0.044" /><testcase classname="tests.backend_test.TestFilesSecurity" name="test_percent_encoded_traversal_uppercase_rejected" time="0.043" /><testcase classname="tests.backend_test.TestFilesSecurity" name="test_editor_cross_user_isolation_still_403" time="0.083" /><testcase classname="tests.backend_test.TestFilesSecurity" name="test_viewer_upload_forbidden" time="0.043" /></testsuite></testsuites>