<?xml version="1.0" encoding="utf-8"?><testsuites name="pytest tests"><testsuite name="pytest" errors="0" failures="1" skipped="0" tests="32" time="2.709" timestamp="2026-08-23T10:35:03.685197+00:00" hostname="agent-env-1f3bbffa-3929-475c-9053-0b6df7ab785d"><testcase classname="tests.backend_test.TestUnauth401" name="test_list_patients_no_auth" time="0.232" /><testcase classname="tests.backend_test.TestPatientsRBAC" name="test_admin_can_list" time="0.188" /><testcase classname="tests.backend_test.TestPatientsRBAC" name="test_admin_create_sets_owner" time="0.083" /><testcase classname="tests.backend_test.TestUnauth401" name="test_list_patients_bad_token" time="0.084" /><testcase classname="tests.backend_test.TestPatientsRBAC" name="test_editor_creates_and_owns" time="0.123" /><testcase classname="tests.backend_test.TestUnauth401" name="test_post_patients_no_auth" time="0.041" /><testcase classname="tests.backend_test.TestUnauth401" name="test_delete_patient_no_auth" time="0.053" /><testcase classname="tests.backend_test.TestPatientsRBAC" name="test_editor_isolation" time="0.081" /><testcase classname="tests.backend_test.TestUnauth401" name="test_upload_no_auth" time="0.042" /><testcase classname="tests.backend_test.TestUnauth401" name="test_files_no_auth" time="0.083" /><testcase classname="tests.backend_test.TestPatientsRBAC" name="test_editor_cannot_access_admin_patient_by_id" time="0.041" /><testcase classname="tests.backend_test.TestPatientsRBAC" name="test_viewer_cannot_create" time="0.080" /><testcase classname="tests.backend_test.TestUnauth401" name="test_transcribe_no_auth" time="0.044" /><testcase classname="tests.backend_test.TestUnauth401" name="test_ai_draft_no_auth" time="0.043" /><testcase classname="tests.backend_test.TestPatientsRBAC" name="test_viewer_cannot_delete" time="0.080" /><testcase classname="tests.backend_test.TestUnauth401" name="test_auth_me_no_auth" time="0.047" /><testcase classname="tests.backend_test.TestFilesSecurity" name="test_editor1_upload_namespaced" time="0.379" /><testcase classname="tests.backend_test.TestPatientsRBAC" name="test_admin_sees_everyones" time="0.220" /><testcase classname="tests.backend_test.TestUserAdmin" name="test_non_admin_cannot_list_users" time="0.083" /><testcase classname="tests.backend_test.TestUserAdmin" name="test_admin_lists_users" time="0.040" /><testcase classname="tests.backend_test.TestUserAdmin" name="test_non_admin_cannot_patch_role" time="0.041" /><testcase classname="tests.backend_test.TestFilesSecurity" name="test_editor1_can_fetch_own" time="0.304" /><testcase classname="tests.backend_test.TestUserAdmin" name="test_admin_can_patch_role" time="0.162" /><testcase classname="tests.backend_test.TestUserAdmin" name="test_invalid_role_rejected" time="0.082" /><testcase classname="tests.backend_test.TestPublicRoot" name="test_root_no_auth" time="0.080" /><testcase classname="tests.backend_test.TestFilesSecurity" name="test_editor2_cannot_fetch_others_file" time="0.081" /><testcase classname="tests.backend_test.TestSessionExchange" name="test_bogus_session_id" time="0.124" /><testcase classname="tests.backend_test.TestFilesSecurity" name="test_admin_can_fetch_any" time="0.237" /><testcase classname="tests.backend_test.TestAuthMe" name="test_admin_me" time="0.082" /><testcase classname="tests.backend_test.TestFilesSecurity" name="test_path_traversal_rejected" time="0.610"><failure message="assert 404 == 400&#10; +  where 404 = &lt;Response [404]&gt;.status_code">backend/tests/backend_test.py:204: in test_path_traversal_rejected
    assert r.status_code == 400
E   assert 404 == 400
E    +  where 404 = &lt;Response [404]&gt;.status_code</failure></testcase><testcase classname="tests.backend_test.TestFilesSecurity" name="test_outside_app_prefix_rejected" time="0.044" /><testcase classname="tests.backend_test.TestFilesSecurity" name="test_viewer_upload_forbidden" time="0.042" /></testsuite></testsuites>