<?xml version="1.0" encoding="utf-8"?><testsuites name="pytest tests"><testsuite name="pytest" errors="0" failures="0" skipped="0" tests="14" time="2.638" timestamp="2026-08-23T05:38:13.137808+00:00" hostname="agent-env-1f3bbffa-3929-475c-9053-0b6df7ab785d"><testcase classname="tests.backend_test.TestUploadDownload" name="test_upload_image_and_fetch" time="0.712" /><testcase classname="tests.backend_test.TestPatients" name="test_create_patient" time="0.285" /><testcase classname="tests.backend_test.TestPatients" name="test_list_no_objectid_leak" time="0.052" /><testcase classname="tests.backend_test.TestPatients" name="test_upsert_updates_no_duplicate" time="0.277" /><testcase classname="tests.backend_test.TestPatients" name="test_get_nonexistent_404" time="0.057" /><testcase classname="tests.backend_test.TestPatients" name="test_delete_and_double_delete" time="0.201" /><testcase classname="tests.backend_test.TestUploadDownload" name="test_upload_pdf" time="0.338" /><testcase classname="tests.backend_test.TestPatients" name="test_persist_media_arrays" time="0.328" /><testcase classname="tests.backend_test.TestUploadDownload" name="test_get_missing_file_404" time="0.523" /><testcase classname="tests.backend_test.TestDiagnosis" name="test_diagnosis_persists_and_no_objectid" time="0.104" /><testcase classname="tests.backend_test.TestDiagnosis" name="test_list_no_objectid_leak" time="0.150" /><testcase classname="tests.backend_test.TestHealth" name="test_root" time="0.063" /><testcase classname="tests.backend_test.TestTranscribe" name="test_empty_audio_400" time="0.049" /><testcase classname="tests.backend_test.TestTranscribe" name="test_short_wav_transcribes" time="0.678" /></testsuite></testsuites>