<?xml version="1.0" encoding="utf-8"?><testsuites name="pytest tests"><testsuite name="pytest" errors="0" failures="0" skipped="0" tests="10" time="2.131" timestamp="2026-08-23T05:07:59.041669+00:00" hostname="agent-env-1f3bbffa-3929-475c-9053-0b6df7ab785d"><testcase classname="tests.backend_test.TestUploadDownload" name="test_upload_image_and_fetch" time="0.698" /><testcase classname="tests.backend_test.TestPatients" name="test_create_patient" time="0.231" /><testcase classname="tests.backend_test.TestPatients" name="test_list_no_objectid_leak" time="0.047" /><testcase classname="tests.backend_test.TestPatients" name="test_upsert_updates_no_duplicate" time="0.236" /><testcase classname="tests.backend_test.TestPatients" name="test_get_nonexistent_404" time="0.047" /><testcase classname="tests.backend_test.TestPatients" name="test_delete_and_double_delete" time="0.179" /><testcase classname="tests.backend_test.TestUploadDownload" name="test_upload_pdf" time="0.282" /><testcase classname="tests.backend_test.TestPatients" name="test_persist_media_arrays" time="0.311" /><testcase classname="tests.backend_test.TestUploadDownload" name="test_get_missing_file_404" time="0.800" /><testcase classname="tests.backend_test.TestHealth" name="test_root" time="0.047" /></testsuite></testsuites>